2181038080
2214592512
2281701377
2415919104
2181038080
2214592512
2281701376
2415919104
2181038080
2214592512
2281701376
2415919104
2181038080
2214592512
2281701377
2415919104
2181038080
2214592512
2281701377
2415919104
33554456
2214592512
2281701376
2415919104
33554587
2214592512
2281701376
2415919104
33554649
2214592512
2281701377
2415919104
33554687
67108865
2281701377
2415919104
33554687
67108864
2281701377
2415919104
33554632
67108864
2281701376
2415919104
33554561
67108864
2281701377
268435456
33554485
2214592512
2281701377
268435457
33554466
2214592512
2281701376
2415919104
33554687
67108864
2281701377
2415919104
33554687
2214592512
2281701378
2415919104
33554676
67108864
2281701377
2415919104
33554509
2214592512
2281701376
2415919104
2181038080
2214592512
2281701376
2415919104
2181038080
2214592512
2281701377
2415919104
33554613
2214592512
2281701376
2415919105
33554674
2214592512
2281701376
2415919106
33554582
2214592512
2281701378
2415919104
33554513
2214592512
2281701378
2415919104
33554566
2214592512
2281701377
2415919104
33554675
2214592512
2281701377
2415919104
33554488
2214592512
2281701377
268435457
33554549
2214592512
2281701377
2415919104
33554687
2214592512
2281701377
2415919104
33554557
2214592512
2281701377
268435456
2181038080
2214592512
2281701378
268435462
33554509
2214592512
2281701378
2415919105
33554687
2214592512
2281701378
2415919104
33554592
2214592512
2281701378
2415919104
2181038080
2214592512
2281701377
2415919104
2181038080
2214592512
2281701377
2415919104
2181038080
2214592512
2281701376
2415919104
2181038080
2214592512
2281701376
2415919104
2181038080
2214592512
2281701377
2415919104
2181038080
2214592512
2281701377
2415919104
2181038080
2214592512
2281701376
2415919104
2181038080
2214592512
2281701376
2415919104
2181038080
2214592512
2281701377
2415919104
2181038080
2214592512
2281701377
2415919104
2181038080
2214592512
2281701376
2415919104
2181038080
2214592512
2281701376
2415919104
2181038080
2214592512
2281701377
2415919104
2181038080
2214592512
2281701377
2415919104
2181038080
2214592512
2281701376
2415919104
2181038080
2214592512
2281701376
2415919104
2181038080
2214592512
2281701377
2415919104
2181038080
2214592512
2281701377
2415919104
2181038080
2214592512
2281701376
2415919104
2181038080
2214592512
2281701376
2415919104
2181038080
2214592512
2281701377
2415919104
2181038080
2214592512
2281701376
2415919104
2181038080
2214592512
2281701376
2415919104
2181038080
2214592512
2281701376
2415919104
2181038080
2214592512
2281701377
2415919104
2181038080
2214592512
2281701376
2415919104
2181038080
2214592512
2281701376
2415919104
2181038080
2214592512
2281701376
2415919104
2181038080
2214592512
2281701377
2415919104
2181038080
2214592512
2281701376
2415919104
2181038080
2214592512
2281701376
2415919104
2181038080
2214592512
2281701377
2415919104
2181038080
2214592512
2281701379
2415919104
2181038080
67108864
2281701376
2415919104

Terminating...
Thanks for using picocom
